мар. 27, 2025 12:46:47 PM game.players.ComputerPlayer action
WARNING: Начало хода
мар. 27, 2025 12:46:47 PM game.players.ComputerPlayer buyMapObjects
WARNING: Покупка героев
мар. 27, 2025 12:46:47 PM game.players.ComputerPlayer attackNeighbors
WARNING: Атака соседей
мар. 27, 2025 12:46:47 PM game.players.ComputerPlayer moveToOppositeCastle
WARNING: Движение к замке противника
мар. 27, 2025 12:46:47 PM game.players.ComputerPlayer attackNeighbors
WARNING: Атака соседей
мар. 27, 2025 12:46:47 PM game.players.ComputerPlayer attackNeighbors
WARNING: Атака соседей
мар. 27, 2025 12:46:47 PM game.players.ComputerPlayer attackNeighbors
WARNING: Атака соседей
мар. 27, 2025 12:46:47 PM game.players.ComputerPlayer attackNeighbors
WARNING: Атака соседей
мар. 27, 2025 12:46:47 PM game.players.ComputerPlayer attackNeighbors
WARNING: Атака соседей
мар. 27, 2025 12:46:50 PM game.players.ComputerPlayer action
WARNING: Начало хода
мар. 27, 2025 12:46:50 PM game.players.ComputerPlayer buyMapObjects
WARNING: Покупка героев
мар. 27, 2025 12:46:50 PM game.players.ComputerPlayer attackNeighbors
WARNING: Атака соседей
мар. 27, 2025 12:46:50 PM game.players.ComputerPlayer moveToOppositeCastle
WARNING: Движение к замке противника
мар. 27, 2025 12:46:50 PM game.players.ComputerPlayer attackNeighbors
WARNING: Атака соседей
мар. 27, 2025 12:46:50 PM game.players.ComputerPlayer attackNeighbors
WARNING: Атака соседей
мар. 27, 2025 12:46:50 PM game.players.ComputerPlayer attackNeighbors
WARNING: Атака соседей
мар. 27, 2025 12:46:50 PM game.players.ComputerPlayer attackNeighbors
WARNING: Атака соседей
мар. 27, 2025 12:46:50 PM game.players.ComputerPlayer attackNeighbors
WARNING: Атака соседей
мар. 27, 2025 12:46:50 PM game.players.ComputerPlayer attackNeighbors
WARNING: Атака соседей
мар. 27, 2025 12:46:50 PM game.players.ComputerPlayer attackNeighbors
WARNING: Атака соседей
мар. 27, 2025 12:46:50 PM game.players.ComputerPlayer attackNeighbors
WARNING: Атака соседей
мар. 27, 2025 12:46:55 PM game.players.ComputerPlayer action
WARNING: Начало хода
мар. 27, 2025 12:46:55 PM game.players.ComputerPlayer buyMapObjects
WARNING: Покупка героев
мар. 27, 2025 12:46:55 PM game.players.ComputerPlayer attackNeighbors
WARNING: Атака соседей
мар. 27, 2025 12:46:55 PM game.players.ComputerPlayer moveToOppositeCastle
WARNING: Движение к замке противника
мар. 27, 2025 12:46:59 PM game.players.ComputerPlayer action
WARNING: Начало хода
мар. 27, 2025 12:46:59 PM game.players.ComputerPlayer buyMapObjects
WARNING: Покупка героев
мар. 27, 2025 12:46:59 PM game.players.ComputerPlayer attackNeighbors
WARNING: Атака соседей
мар. 27, 2025 12:46:59 PM game.players.ComputerPlayer moveToOppositeCastle
WARNING: Движение к замке противника
мар. 27, 2025 12:47:01 PM game.players.ComputerPlayer action
WARNING: Начало хода
мар. 27, 2025 12:47:01 PM game.players.ComputerPlayer buyMapObjects
WARNING: Покупка героев
мар. 27, 2025 12:47:01 PM game.players.ComputerPlayer attackNeighbors
WARNING: Атака соседей
мар. 27, 2025 12:47:01 PM game.players.ComputerPlayer moveToOppositeCastle
WARNING: Движение к замке противника
мар. 27, 2025 12:47:02 PM game.players.ComputerPlayer action
WARNING: Начало хода
мар. 27, 2025 12:47:02 PM game.players.ComputerPlayer buyMapObjects
WARNING: Покупка героев
мар. 27, 2025 12:47:02 PM game.players.ComputerPlayer attackNeighbors
WARNING: Атака соседей
мар. 27, 2025 12:47:02 PM game.players.ComputerPlayer moveToOppositeCastle
WARNING: Движение к замке противника
мар. 27, 2025 12:47:04 PM game.players.ComputerPlayer action
WARNING: Начало хода
мар. 27, 2025 12:47:04 PM game.players.ComputerPlayer buyMapObjects
WARNING: Покупка героев
мар. 27, 2025 12:47:04 PM game.players.ComputerPlayer attackNeighbors
WARNING: Атака соседей
мар. 27, 2025 12:47:04 PM game.players.ComputerPlayer moveToOppositeCastle
WARNING: Движение к замке противника
мар. 27, 2025 12:47:05 PM game.players.ComputerPlayer action
WARNING: Начало хода
мар. 27, 2025 12:47:05 PM game.players.ComputerPlayer buyMapObjects
WARNING: Покупка героев
мар. 27, 2025 12:47:05 PM game.players.ComputerPlayer attackNeighbors
WARNING: Атака соседей
мар. 27, 2025 12:47:05 PM game.players.ComputerPlayer moveToOppositeCastle
WARNING: Движение к замке противника
мар. 27, 2025 12:47:09 PM game.players.ComputerPlayer action
WARNING: Начало хода
мар. 27, 2025 12:47:09 PM game.players.ComputerPlayer buyMapObjects
WARNING: Покупка героев
мар. 27, 2025 12:47:09 PM game.players.ComputerPlayer attackNeighbors
WARNING: Атака соседей
мар. 27, 2025 12:47:09 PM game.players.ComputerPlayer moveToOppositeCastle
WARNING: Движение к замке противника
мар. 27, 2025 12:48:04 PM game.players.ComputerPlayer action
WARNING: Начало хода
мар. 27, 2025 12:48:04 PM game.players.ComputerPlayer buyMapObjects
WARNING: Покупка героев
мар. 27, 2025 12:48:04 PM game.players.ComputerPlayer attackNeighbors
WARNING: Атака соседей
мар. 27, 2025 12:48:04 PM game.players.ComputerPlayer moveToOppositeCastle
WARNING: Движение к замке противника
мар. 27, 2025 12:48:04 PM game.players.ComputerPlayer attackNeighbors
WARNING: Атака соседей
мар. 27, 2025 12:48:04 PM game.players.ComputerPlayer attackNeighbors
WARNING: Атака соседей
мар. 27, 2025 12:48:04 PM game.players.ComputerPlayer attackNeighbors
WARNING: Атака соседей
мар. 27, 2025 12:48:04 PM game.players.ComputerPlayer attackNeighbors
WARNING: Атака соседей
мар. 27, 2025 12:48:04 PM game.players.ComputerPlayer attackNeighbors
WARNING: Атака соседей
мар. 27, 2025 12:48:04 PM game.players.ComputerPlayer action
WARNING: Конец action
мар. 27, 2025 12:48:04 PM game.players.ComputerPlayer action
WARNING: Начало хода
мар. 27, 2025 12:48:04 PM game.players.ComputerPlayer buyMapObjects
WARNING: Покупка героев
мар. 27, 2025 12:48:04 PM game.players.ComputerPlayer attackNeighbors
WARNING: Атака соседей
мар. 27, 2025 12:48:04 PM game.players.ComputerPlayer moveToOppositeCastle
WARNING: Движение к замке противника
мар. 27, 2025 12:48:04 PM game.players.ComputerPlayer attackNeighbors
WARNING: Атака соседей
мар. 27, 2025 12:48:04 PM game.players.ComputerPlayer attackNeighbors
WARNING: Атака соседей
мар. 27, 2025 12:48:04 PM game.players.ComputerPlayer attackNeighbors
WARNING: Атака соседей
мар. 27, 2025 12:48:04 PM game.players.ComputerPlayer attackNeighbors
WARNING: Атака соседей
мар. 27, 2025 12:48:04 PM game.players.ComputerPlayer attackNeighbors
WARNING: Атака соседей
мар. 27, 2025 12:48:04 PM game.players.ComputerPlayer attackNeighbors
WARNING: Атака соседей
мар. 27, 2025 12:48:04 PM game.players.ComputerPlayer attackNeighbors
WARNING: Атака соседей
мар. 27, 2025 12:48:04 PM game.players.ComputerPlayer action
WARNING: Конец action
мар. 27, 2025 12:48:04 PM game.players.ComputerPlayer action
WARNING: Начало хода
мар. 27, 2025 12:48:04 PM game.players.ComputerPlayer buyMapObjects
WARNING: Покупка героев
мар. 27, 2025 12:48:04 PM game.players.ComputerPlayer attackNeighbors
WARNING: Атака соседей
мар. 27, 2025 12:48:04 PM game.players.ComputerPlayer moveToOppositeCastle
WARNING: Движение к замке противника
мар. 27, 2025 12:48:04 PM game.players.ComputerPlayer action
WARNING: Конец action
мар. 27, 2025 12:48:05 PM game.players.ComputerPlayer action
WARNING: Начало хода
мар. 27, 2025 12:48:05 PM game.players.ComputerPlayer buyMapObjects
WARNING: Покупка героев
мар. 27, 2025 12:48:05 PM game.players.ComputerPlayer attackNeighbors
WARNING: Атака соседей
мар. 27, 2025 12:48:05 PM game.players.ComputerPlayer moveToOppositeCastle
WARNING: Движение к замке противника
мар. 27, 2025 12:48:05 PM game.players.ComputerPlayer action
WARNING: Конец action
мар. 27, 2025 12:48:07 PM game.players.ComputerPlayer action
WARNING: Начало хода
мар. 27, 2025 12:48:07 PM game.players.ComputerPlayer buyMapObjects
WARNING: Покупка героев
мар. 27, 2025 12:48:07 PM game.players.ComputerPlayer attackNeighbors
WARNING: Атака соседей
мар. 27, 2025 12:48:07 PM game.players.ComputerPlayer moveToOppositeCastle
WARNING: Движение к замке противника
мар. 27, 2025 12:48:07 PM game.players.ComputerPlayer action
WARNING: Конец action
мар. 27, 2025 12:48:07 PM game.players.ComputerPlayer action
WARNING: Начало хода
мар. 27, 2025 12:48:07 PM game.players.ComputerPlayer buyMapObjects
WARNING: Покупка героев
мар. 27, 2025 12:48:07 PM game.players.ComputerPlayer attackNeighbors
WARNING: Атака соседей
мар. 27, 2025 12:48:07 PM game.players.ComputerPlayer moveToOppositeCastle
WARNING: Движение к замке противника
мар. 27, 2025 12:48:07 PM game.players.ComputerPlayer action
WARNING: Конец action
мар. 27, 2025 12:51:11 PM game.players.ComputerPlayer action
WARNING: Начало хода
мар. 27, 2025 12:51:11 PM game.players.ComputerPlayer buyMapObjects
WARNING: Покупка героев
мар. 27, 2025 12:51:11 PM game.players.ComputerPlayer attackNeighbors
WARNING: Атака соседей
мар. 27, 2025 12:54:38 PM game.players.ComputerPlayer moveToOppositeCastle
WARNING: Движение к замке противника
мар. 27, 2025 12:54:38 PM game.players.ComputerPlayer attackNeighbors
WARNING: Атака соседей
мар. 27, 2025 12:54:38 PM game.players.ComputerPlayer attackNeighbors
WARNING: Атака соседей
мар. 27, 2025 12:54:38 PM game.players.ComputerPlayer attackNeighbors
WARNING: Атака соседей
мар. 27, 2025 12:54:38 PM game.players.ComputerPlayer attackNeighbors
WARNING: Атака соседей
мар. 27, 2025 12:54:38 PM game.players.ComputerPlayer attackNeighbors
WARNING: Атака соседей
мар. 27, 2025 12:54:38 PM game.players.ComputerPlayer action
WARNING: Конец action
мар. 27, 2025 12:54:45 PM game.players.ComputerPlayer action
WARNING: Начало хода
мар. 27, 2025 12:54:45 PM game.players.ComputerPlayer buyMapObjects
WARNING: Покупка героев
мар. 27, 2025 12:54:45 PM game.players.ComputerPlayer attackNeighbors
WARNING: Атака соседей
мар. 27, 2025 12:56:04 PM game.players.ComputerPlayer moveToOppositeCastle
WARNING: Движение к замке противника
мар. 27, 2025 12:56:04 PM game.players.ComputerPlayer attackNeighbors
WARNING: Атака соседей
мар. 27, 2025 12:56:04 PM game.players.ComputerPlayer attackNeighbors
WARNING: Атака соседей
мар. 27, 2025 12:56:04 PM game.players.ComputerPlayer attackNeighbors
WARNING: Атака соседей
мар. 27, 2025 12:56:04 PM game.players.ComputerPlayer attackNeighbors
WARNING: Атака соседей
мар. 27, 2025 12:56:04 PM game.players.ComputerPlayer attackNeighbors
WARNING: Атака соседей
мар. 27, 2025 12:56:04 PM game.players.ComputerPlayer action
WARNING: Конец action
мар. 27, 2025 12:56:11 PM game.players.ComputerPlayer action
WARNING: Начало хода
мар. 27, 2025 12:56:11 PM game.players.ComputerPlayer buyMapObjects
WARNING: Покупка героев
мар. 27, 2025 12:56:11 PM game.players.ComputerPlayer attackNeighbors
WARNING: Атака соседей
мар. 27, 2025 12:56:43 PM game.players.ComputerPlayer moveToOppositeCastle
WARNING: Движение к замке противника
мар. 27, 2025 12:56:43 PM game.players.ComputerPlayer attackNeighbors
WARNING: Атака соседей
мар. 27, 2025 12:57:46 PM game.players.ComputerPlayer attackNeighbors
WARNING: Атака соседей
мар. 27, 2025 12:57:46 PM game.players.ComputerPlayer attackNeighbors
WARNING: Атака соседей
мар. 27, 2025 12:57:46 PM game.players.ComputerPlayer attackNeighbors
WARNING: Атака соседей
мар. 27, 2025 12:57:46 PM game.players.ComputerPlayer attackNeighbors
WARNING: Атака соседей
мар. 27, 2025 12:57:46 PM game.players.ComputerPlayer action
WARNING: Конец action
мар. 27, 2025 12:58:09 PM game.players.ComputerPlayer action
WARNING: Начало хода
мар. 27, 2025 12:58:09 PM game.players.ComputerPlayer buyMapObjects
WARNING: Покупка героев
мар. 27, 2025 12:58:09 PM game.players.ComputerPlayer attackNeighbors
WARNING: Атака соседей
мар. 27, 2025 12:58:09 PM game.players.ComputerPlayer moveToOppositeCastle
WARNING: Движение к замке противника
мар. 27, 2025 12:58:09 PM game.players.ComputerPlayer attackNeighbors
WARNING: Атака соседей
мар. 27, 2025 12:58:09 PM game.players.ComputerPlayer attackNeighbors
WARNING: Атака соседей
мар. 27, 2025 12:58:09 PM game.players.ComputerPlayer attackNeighbors
WARNING: Атака соседей
мар. 27, 2025 12:58:09 PM game.players.ComputerPlayer attackNeighbors
WARNING: Атака соседей
мар. 27, 2025 12:58:09 PM game.players.ComputerPlayer action
WARNING: Конец action
мар. 27, 2025 12:58:20 PM game.players.ComputerPlayer action
WARNING: Начало хода
мар. 27, 2025 12:58:20 PM game.players.ComputerPlayer buyMapObjects
WARNING: Покупка героев
мар. 27, 2025 12:58:20 PM game.players.ComputerPlayer attackNeighbors
WARNING: Атака соседей
мар. 27, 2025 12:58:20 PM game.players.ComputerPlayer moveToOppositeCastle
WARNING: Движение к замке противника
мар. 27, 2025 12:58:20 PM game.players.ComputerPlayer action
WARNING: Конец action
мар. 27, 2025 12:58:25 PM game.players.ComputerPlayer action
WARNING: Начало хода
мар. 27, 2025 12:58:25 PM game.players.ComputerPlayer buyMapObjects
WARNING: Покупка героев
мар. 27, 2025 12:58:25 PM game.players.ComputerPlayer attackNeighbors
WARNING: Атака соседей
мар. 27, 2025 12:58:25 PM game.players.ComputerPlayer moveToOppositeCastle
WARNING: Движение к замке противника
мар. 27, 2025 12:58:25 PM game.players.ComputerPlayer attackNeighbors
WARNING: Атака соседей
мар. 27, 2025 12:58:25 PM game.players.ComputerPlayer attackNeighbors
WARNING: Атака соседей
мар. 27, 2025 12:58:25 PM game.players.ComputerPlayer attackNeighbors
WARNING: Атака соседей
мар. 27, 2025 12:58:25 PM game.players.ComputerPlayer attackNeighbors
WARNING: Атака соседей
мар. 27, 2025 12:58:25 PM game.players.ComputerPlayer attackNeighbors
WARNING: Атака соседей
мар. 27, 2025 12:58:25 PM game.players.ComputerPlayer attackNeighbors
WARNING: Атака соседей
мар. 27, 2025 12:58:25 PM game.players.ComputerPlayer attackNeighbors
WARNING: Атака соседей
мар. 27, 2025 12:58:25 PM game.players.ComputerPlayer attackNeighbors
WARNING: Атака соседей
мар. 27, 2025 12:58:25 PM game.players.ComputerPlayer attackNeighbors
WARNING: Атака соседей
мар. 27, 2025 12:58:25 PM game.players.ComputerPlayer attackNeighbors
WARNING: Атака соседей
мар. 27, 2025 12:58:25 PM game.players.ComputerPlayer attackNeighbors
WARNING: Атака соседей
мар. 27, 2025 12:58:25 PM game.players.ComputerPlayer attackNeighbors
WARNING: Атака соседей
мар. 27, 2025 12:58:25 PM game.players.ComputerPlayer attackNeighbors
WARNING: Атака соседей
мар. 27, 2025 12:58:25 PM game.players.ComputerPlayer action
WARNING: Конец action
мар. 27, 2025 1:01:39 PM game.players.ComputerPlayer action
WARNING: Начало хода
мар. 27, 2025 1:01:39 PM game.players.ComputerPlayer buyMapObjects
WARNING: Покупка героев
мар. 27, 2025 1:01:39 PM game.players.ComputerPlayer attackNeighbors
WARNING: Атака соседей
мар. 27, 2025 1:01:39 PM game.players.ComputerPlayer moveToOppositeCastle
WARNING: Движение к замке противника
мар. 27, 2025 1:01:39 PM game.players.ComputerPlayer attackNeighbors
WARNING: Атака соседей
мар. 27, 2025 1:01:39 PM game.players.ComputerPlayer action
WARNING: Конец action
мар. 28, 2025 8:26:44 PM game.players.ComputerPlayer action
WARNING: Начало хода
мар. 28, 2025 8:26:44 PM game.players.ComputerPlayer buyMapObjects
WARNING: Покупка героев
мар. 28, 2025 8:26:44 PM game.players.ComputerPlayer attackNeighbors
WARNING: Атака соседей
мар. 28, 2025 8:26:44 PM game.players.ComputerPlayer moveToOppositeCastle
WARNING: Движение к замку противника
мар. 28, 2025 8:26:44 PM game.players.ComputerPlayer attackNeighbors
WARNING: Атака соседей
мар. 28, 2025 8:26:44 PM game.players.ComputerPlayer attackNeighbors
WARNING: Атака соседей
мар. 28, 2025 8:26:44 PM game.players.ComputerPlayer attackNeighbors
WARNING: Атака соседей
мар. 28, 2025 8:26:44 PM game.players.ComputerPlayer attackNeighbors
WARNING: Атака соседей
мар. 28, 2025 8:26:44 PM game.players.ComputerPlayer attackNeighbors
WARNING: Атака соседей
мар. 28, 2025 10:17:47 PM game.players.ComputerPlayer action
WARNING: Начало хода
мар. 28, 2025 10:17:47 PM game.players.ComputerPlayer buyMapObjects
WARNING: Покупка героев
мар. 28, 2025 10:17:47 PM game.players.ComputerPlayer attackNeighbors
WARNING: Атака соседей
мар. 28, 2025 10:17:47 PM game.players.ComputerPlayer moveToOppositeCastle
WARNING: Движение к замку противника
мар. 28, 2025 10:17:47 PM game.players.ComputerPlayer attackNeighbors
WARNING: Атака соседей
мар. 28, 2025 10:17:47 PM game.players.ComputerPlayer attackNeighbors
WARNING: Атака соседей
мар. 28, 2025 10:17:47 PM game.players.ComputerPlayer attackNeighbors
WARNING: Атака соседей
мар. 28, 2025 10:17:47 PM game.players.ComputerPlayer attackNeighbors
WARNING: Атака соседей
мар. 28, 2025 10:17:47 PM game.players.ComputerPlayer attackNeighbors
WARNING: Атака соседей
мар. 28, 2025 10:31:54 PM game.players.ComputerPlayer action
WARNING: Начало хода
мар. 28, 2025 10:31:54 PM game.players.ComputerPlayer buyMapObjects
WARNING: Покупка героев
мар. 28, 2025 10:31:54 PM game.players.ComputerPlayer attackNeighbors
WARNING: Атака соседей
мар. 28, 2025 10:31:54 PM game.players.ComputerPlayer moveToOppositeCastle
WARNING: Движение к замку противника
мар. 28, 2025 10:31:54 PM game.players.ComputerPlayer attackNeighbors
WARNING: Атака соседей
мар. 28, 2025 10:31:54 PM game.players.ComputerPlayer attackNeighbors
WARNING: Атака соседей
мар. 28, 2025 10:31:54 PM game.players.ComputerPlayer attackNeighbors
WARNING: Атака соседей
мар. 28, 2025 10:31:54 PM game.players.ComputerPlayer attackNeighbors
WARNING: Атака соседей
мар. 28, 2025 10:31:54 PM game.players.ComputerPlayer attackNeighbors
WARNING: Атака соседей
мар. 28, 2025 10:33:41 PM game.players.ComputerPlayer action
WARNING: Начало хода
мар. 28, 2025 10:33:41 PM game.players.ComputerPlayer buyMapObjects
WARNING: Покупка героев
мар. 28, 2025 10:33:41 PM game.players.ComputerPlayer attackNeighbors
WARNING: Атака соседей
мар. 28, 2025 10:33:41 PM game.players.ComputerPlayer moveToOppositeCastle
WARNING: Движение к замку противника
мар. 28, 2025 10:33:41 PM game.players.ComputerPlayer attackNeighbors
WARNING: Атака соседей
мар. 28, 2025 10:33:41 PM game.players.ComputerPlayer attackNeighbors
WARNING: Атака соседей
мар. 28, 2025 10:33:41 PM game.players.ComputerPlayer attackNeighbors
WARNING: Атака соседей
мар. 28, 2025 10:33:41 PM game.players.ComputerPlayer attackNeighbors
WARNING: Атака соседей
мар. 28, 2025 10:33:41 PM game.players.ComputerPlayer attackNeighbors
WARNING: Атака соседей
мар. 28, 2025 10:52:39 PM game.players.ComputerPlayer action
WARNING: Начало хода
мар. 28, 2025 10:52:39 PM game.players.ComputerPlayer buyMapObjects
WARNING: Покупка героев
мар. 28, 2025 10:52:39 PM game.players.ComputerPlayer attackNeighbors
WARNING: Атака соседей
мар. 28, 2025 10:52:39 PM game.players.ComputerPlayer moveToOppositeCastle
WARNING: Движение к замку противника
мар. 28, 2025 10:52:39 PM game.players.ComputerPlayer attackNeighbors
WARNING: Атака соседей
мар. 28, 2025 10:52:39 PM game.players.ComputerPlayer attackNeighbors
WARNING: Атака соседей
мар. 28, 2025 10:52:39 PM game.players.ComputerPlayer attackNeighbors
WARNING: Атака соседей
мар. 28, 2025 10:52:39 PM game.players.ComputerPlayer attackNeighbors
WARNING: Атака соседей
мар. 28, 2025 10:53:13 PM game.players.ComputerPlayer action
WARNING: Начало хода
мар. 28, 2025 10:53:13 PM game.players.ComputerPlayer buyMapObjects
WARNING: Покупка героев
мар. 28, 2025 10:53:13 PM game.players.ComputerPlayer attackNeighbors
WARNING: Атака соседей
мар. 28, 2025 10:53:13 PM game.players.ComputerPlayer moveToOppositeCastle
WARNING: Движение к замку противника
мар. 28, 2025 10:53:13 PM game.players.ComputerPlayer attackNeighbors
WARNING: Атака соседей
мар. 28, 2025 10:53:13 PM game.players.ComputerPlayer attackNeighbors
WARNING: Атака соседей
мар. 28, 2025 10:53:13 PM game.players.ComputerPlayer attackNeighbors
WARNING: Атака соседей
мар. 28, 2025 10:53:13 PM game.players.ComputerPlayer attackNeighbors
WARNING: Атака соседей
мар. 28, 2025 10:53:13 PM game.players.ComputerPlayer attackNeighbors
WARNING: Атака соседей
мар. 29, 2025 1:40:15 AM game.players.ComputerPlayer action
WARNING: Начало хода
мар. 29, 2025 1:40:15 AM game.players.ComputerPlayer buyMapObjects
WARNING: Покупка героев
мар. 29, 2025 1:40:15 AM game.players.ComputerPlayer attackNeighbors
WARNING: Атака соседей
мар. 29, 2025 1:40:15 AM game.players.ComputerPlayer moveToOppositeCastle
WARNING: Движение к замку противника
мар. 29, 2025 1:40:15 AM game.players.ComputerPlayer attackNeighbors
WARNING: Атака соседей
мар. 29, 2025 1:40:15 AM game.players.ComputerPlayer attackNeighbors
WARNING: Атака соседей
мар. 29, 2025 1:40:15 AM game.players.ComputerPlayer attackNeighbors
WARNING: Атака соседей
мар. 29, 2025 1:40:15 AM game.players.ComputerPlayer attackNeighbors
WARNING: Атака соседей
мар. 29, 2025 1:40:19 AM game.players.ComputerPlayer action
WARNING: Начало хода
мар. 29, 2025 1:40:19 AM game.players.ComputerPlayer buyMapObjects
WARNING: Покупка героев
мар. 29, 2025 1:40:19 AM game.players.ComputerPlayer attackNeighbors
WARNING: Атака соседей
мар. 29, 2025 1:40:19 AM game.players.ComputerPlayer moveToOppositeCastle
WARNING: Движение к замку противника
мар. 29, 2025 1:42:03 AM game.players.ComputerPlayer action
WARNING: Начало хода
мар. 29, 2025 1:42:03 AM game.players.ComputerPlayer buyMapObjects
WARNING: Покупка героев
мар. 29, 2025 1:42:03 AM game.players.ComputerPlayer attackNeighbors
WARNING: Атака соседей
мар. 29, 2025 1:42:03 AM game.players.ComputerPlayer moveToOppositeCastle
WARNING: Движение к замку противника
мар. 29, 2025 1:42:03 AM game.players.ComputerPlayer attackNeighbors
WARNING: Атака соседей
мар. 29, 2025 1:42:03 AM game.players.ComputerPlayer attackNeighbors
WARNING: Атака соседей
мар. 29, 2025 1:42:03 AM game.players.ComputerPlayer attackNeighbors
WARNING: Атака соседей
мар. 29, 2025 1:42:03 AM game.players.ComputerPlayer attackNeighbors
WARNING: Атака соседей
мар. 29, 2025 1:51:11 AM game.players.ComputerPlayer action
WARNING: Начало хода
мар. 29, 2025 1:51:11 AM game.players.ComputerPlayer buyMapObjects
WARNING: Покупка героев
мар. 29, 2025 1:51:11 AM game.players.ComputerPlayer attackNeighbors
WARNING: Атака соседей
мар. 29, 2025 1:51:11 AM game.players.ComputerPlayer moveToOppositeCastle
WARNING: Движение к замку противника
мар. 29, 2025 1:51:11 AM game.players.ComputerPlayer attackNeighbors
WARNING: Атака соседей
мар. 29, 2025 1:51:11 AM game.players.ComputerPlayer attackNeighbors
WARNING: Атака соседей
мар. 29, 2025 1:51:11 AM game.players.ComputerPlayer attackNeighbors
WARNING: Атака соседей
мар. 29, 2025 1:51:11 AM game.players.ComputerPlayer attackNeighbors
WARNING: Атака соседей
мар. 29, 2025 1:51:11 AM game.players.ComputerPlayer attackNeighbors
WARNING: Атака соседей
мар. 29, 2025 1:51:12 AM game.players.ComputerPlayer action
WARNING: Начало хода
мар. 29, 2025 1:51:12 AM game.players.ComputerPlayer buyMapObjects
WARNING: Покупка героев
мар. 29, 2025 1:51:12 AM game.players.ComputerPlayer attackNeighbors
WARNING: Атака соседей
мар. 29, 2025 1:51:12 AM game.players.ComputerPlayer moveToOppositeCastle
WARNING: Движение к замку противника
мар. 29, 2025 1:51:12 AM game.players.ComputerPlayer attackNeighbors
WARNING: Атака соседей
мар. 29, 2025 1:52:02 AM game.players.ComputerPlayer action
WARNING: Начало хода
мар. 29, 2025 1:52:02 AM game.players.ComputerPlayer buyMapObjects
WARNING: Покупка героев
мар. 29, 2025 1:52:02 AM game.players.ComputerPlayer attackNeighbors
WARNING: Атака соседей
мар. 29, 2025 1:52:02 AM game.players.ComputerPlayer moveToOppositeCastle
WARNING: Движение к замку противника
мар. 29, 2025 1:52:15 AM game.players.ComputerPlayer action
WARNING: Начало хода
мар. 29, 2025 1:52:15 AM game.players.ComputerPlayer buyMapObjects
WARNING: Покупка героев
мар. 29, 2025 1:52:15 AM game.players.ComputerPlayer attackNeighbors
WARNING: Атака соседей
мар. 29, 2025 1:52:15 AM game.players.ComputerPlayer moveToOppositeCastle
WARNING: Движение к замку противника
мар. 29, 2025 1:52:15 AM game.players.ComputerPlayer attackNeighbors
WARNING: Атака соседей
мар. 29, 2025 1:52:15 AM game.players.ComputerPlayer attackNeighbors
WARNING: Атака соседей
мар. 29, 2025 1:52:15 AM game.players.ComputerPlayer attackNeighbors
WARNING: Атака соседей
мар. 29, 2025 1:52:15 AM game.players.ComputerPlayer attackNeighbors
WARNING: Атака соседей
мар. 29, 2025 1:52:15 AM game.players.ComputerPlayer attackNeighbors
WARNING: Атака соседей
мар. 29, 2025 1:52:15 AM game.players.ComputerPlayer attackNeighbors
WARNING: Атака соседей
мар. 29, 2025 1:52:15 AM game.players.ComputerPlayer attackNeighbors
WARNING: Атака соседей
мар. 29, 2025 1:52:15 AM game.players.ComputerPlayer attackNeighbors
WARNING: Атака соседей
мар. 29, 2025 1:52:15 AM game.players.ComputerPlayer attackNeighbors
WARNING: Атака соседей
мар. 29, 2025 1:52:15 AM game.players.ComputerPlayer attackNeighbors
WARNING: Атака соседей
мар. 29, 2025 1:52:15 AM game.players.ComputerPlayer attackNeighbors
WARNING: Атака соседей
мар. 29, 2025 1:52:15 AM game.players.ComputerPlayer attackNeighbors
WARNING: Атака соседей
мар. 29, 2025 1:52:15 AM game.players.ComputerPlayer attackNeighbors
WARNING: Атака соседей
мар. 29, 2025 1:52:15 AM game.players.ComputerPlayer attackNeighbors
WARNING: Атака соседей
мар. 29, 2025 1:52:15 AM game.players.ComputerPlayer attackNeighbors
WARNING: Атака соседей
мар. 29, 2025 1:52:15 AM game.players.ComputerPlayer attackNeighbors
WARNING: Атака соседей
мар. 29, 2025 1:52:15 AM game.players.ComputerPlayer attackNeighbors
WARNING: Атака соседей
мар. 29, 2025 9:27:54 AM game.players.ComputerPlayer action
WARNING: Начало хода
мар. 29, 2025 9:27:54 AM game.players.ComputerPlayer buyMapObjects
WARNING: Покупка героев
мар. 29, 2025 9:27:54 AM game.players.ComputerPlayer attackNeighbors
WARNING: Атака соседей
мар. 29, 2025 9:27:54 AM game.players.ComputerPlayer moveToOppositeCastle
WARNING: Движение к замку противника
мар. 29, 2025 9:27:54 AM game.players.ComputerPlayer attackNeighbors
WARNING: Атака соседей
мар. 29, 2025 9:27:54 AM game.players.ComputerPlayer attackNeighbors
WARNING: Атака соседей
мар. 29, 2025 9:27:54 AM game.players.ComputerPlayer attackNeighbors
WARNING: Атака соседей
мар. 29, 2025 9:27:54 AM game.players.ComputerPlayer attackNeighbors
WARNING: Атака соседей
мар. 29, 2025 9:27:54 AM game.players.ComputerPlayer attackNeighbors
WARNING: Атака соседей
мар. 29, 2025 9:27:58 AM game.players.ComputerPlayer action
WARNING: Начало хода
мар. 29, 2025 9:27:58 AM game.players.ComputerPlayer buyMapObjects
WARNING: Покупка героев
мар. 29, 2025 9:27:58 AM game.players.ComputerPlayer attackNeighbors
WARNING: Атака соседей
мар. 29, 2025 9:27:58 AM game.players.ComputerPlayer moveToOppositeCastle
WARNING: Движение к замку противника
мар. 29, 2025 9:27:58 AM game.players.ComputerPlayer attackNeighbors
WARNING: Атака соседей
мар. 29, 2025 9:27:59 AM game.players.ComputerPlayer action
WARNING: Начало хода
мар. 29, 2025 9:27:59 AM game.players.ComputerPlayer buyMapObjects
WARNING: Покупка героев
мар. 29, 2025 9:27:59 AM game.players.ComputerPlayer attackNeighbors
WARNING: Атака соседей
мар. 29, 2025 9:27:59 AM game.players.ComputerPlayer moveToOppositeCastle
WARNING: Движение к замку противника
мар. 29, 2025 11:32:13 AM game.players.ComputerPlayer action
WARNING: Начало хода
мар. 29, 2025 11:32:13 AM game.players.ComputerPlayer buyMapObjects
WARNING: Покупка героев
мар. 29, 2025 11:32:13 AM game.players.ComputerPlayer attackNeighbors
WARNING: Атака соседей
мар. 29, 2025 11:32:13 AM game.players.ComputerPlayer moveToOppositeCastle
WARNING: Движение к замку противника
мар. 29, 2025 11:32:13 AM game.players.ComputerPlayer attackNeighbors
WARNING: Атака соседей
мар. 29, 2025 11:32:13 AM game.players.ComputerPlayer attackNeighbors
WARNING: Атака соседей
мар. 29, 2025 11:32:13 AM game.players.ComputerPlayer attackNeighbors
WARNING: Атака соседей
мар. 29, 2025 11:32:13 AM game.players.ComputerPlayer attackNeighbors
WARNING: Атака соседей
мар. 29, 2025 11:32:13 AM game.players.ComputerPlayer attackNeighbors
WARNING: Атака соседей
мар. 29, 2025 11:32:14 AM game.players.ComputerPlayer action
WARNING: Начало хода
мар. 29, 2025 11:32:14 AM game.players.ComputerPlayer buyMapObjects
WARNING: Покупка героев
мар. 29, 2025 11:32:14 AM game.players.ComputerPlayer attackNeighbors
WARNING: Атака соседей
мар. 29, 2025 11:32:14 AM game.players.ComputerPlayer moveToOppositeCastle
WARNING: Движение к замку противника
мар. 29, 2025 11:32:14 AM game.players.ComputerPlayer attackNeighbors
WARNING: Атака соседей
мар. 29, 2025 11:32:14 AM game.players.ComputerPlayer attackNeighbors
WARNING: Атака соседей
мар. 29, 2025 11:32:14 AM game.players.ComputerPlayer attackNeighbors
WARNING: Атака соседей
мар. 29, 2025 11:32:14 AM game.players.ComputerPlayer attackNeighbors
WARNING: Атака соседей
мар. 29, 2025 11:32:14 AM game.players.ComputerPlayer attackNeighbors
WARNING: Атака соседей
мар. 29, 2025 11:32:14 AM game.players.ComputerPlayer attackNeighbors
WARNING: Атака соседей
мар. 29, 2025 11:32:14 AM game.players.ComputerPlayer attackNeighbors
WARNING: Атака соседей
мар. 29, 2025 11:32:14 AM game.players.ComputerPlayer attackNeighbors
WARNING: Атака соседей
мар. 29, 2025 11:32:14 AM game.players.ComputerPlayer action
WARNING: Начало хода
мар. 29, 2025 11:32:14 AM game.players.ComputerPlayer buyMapObjects
WARNING: Покупка героев
мар. 29, 2025 11:32:14 AM game.players.ComputerPlayer attackNeighbors
WARNING: Атака соседей
мар. 29, 2025 11:32:14 AM game.players.ComputerPlayer moveToOppositeCastle
WARNING: Движение к замку противника
мар. 29, 2025 11:32:15 AM game.players.ComputerPlayer action
WARNING: Начало хода
мар. 29, 2025 11:32:15 AM game.players.ComputerPlayer buyMapObjects
WARNING: Покупка героев
мар. 29, 2025 11:32:15 AM game.players.ComputerPlayer attackNeighbors
WARNING: Атака соседей
мар. 29, 2025 11:32:15 AM game.players.ComputerPlayer moveToOppositeCastle
WARNING: Движение к замку противника
мар. 29, 2025 11:32:16 AM game.players.ComputerPlayer action
WARNING: Начало хода
мар. 29, 2025 11:32:16 AM game.players.ComputerPlayer buyMapObjects
WARNING: Покупка героев
мар. 29, 2025 11:32:16 AM game.players.ComputerPlayer attackNeighbors
WARNING: Атака соседей
мар. 29, 2025 11:32:16 AM game.players.ComputerPlayer moveToOppositeCastle
WARNING: Движение к замку противника
мар. 29, 2025 11:32:17 AM game.players.ComputerPlayer action
WARNING: Начало хода
мар. 29, 2025 11:32:17 AM game.players.ComputerPlayer buyMapObjects
WARNING: Покупка героев
мар. 29, 2025 11:32:17 AM game.players.ComputerPlayer attackNeighbors
WARNING: Атака соседей
мар. 29, 2025 11:32:17 AM game.players.ComputerPlayer moveToOppositeCastle
WARNING: Движение к замку противника
мар. 29, 2025 11:32:18 AM game.players.ComputerPlayer action
WARNING: Начало хода
мар. 29, 2025 11:32:18 AM game.players.ComputerPlayer buyMapObjects
WARNING: Покупка героев
мар. 29, 2025 11:32:18 AM game.players.ComputerPlayer attackNeighbors
WARNING: Атака соседей
мар. 29, 2025 11:32:18 AM game.players.ComputerPlayer moveToOppositeCastle
WARNING: Движение к замку противника
мар. 29, 2025 11:32:19 AM game.players.ComputerPlayer action
WARNING: Начало хода
мар. 29, 2025 11:32:19 AM game.players.ComputerPlayer buyMapObjects
WARNING: Покупка героев
мар. 29, 2025 11:32:19 AM game.players.ComputerPlayer attackNeighbors
WARNING: Атака соседей
мар. 29, 2025 11:32:19 AM game.players.ComputerPlayer moveToOppositeCastle
WARNING: Движение к замку противника
мар. 29, 2025 11:32:20 AM game.players.ComputerPlayer action
WARNING: Начало хода
мар. 29, 2025 11:32:20 AM game.players.ComputerPlayer buyMapObjects
WARNING: Покупка героев
мар. 29, 2025 11:32:20 AM game.players.ComputerPlayer attackNeighbors
WARNING: Атака соседей
мар. 29, 2025 11:32:20 AM game.players.ComputerPlayer moveToOppositeCastle
WARNING: Движение к замку противника
мар. 29, 2025 11:34:24 AM game.players.ComputerPlayer action
WARNING: Начало хода
мар. 29, 2025 11:34:24 AM game.players.ComputerPlayer buyMapObjects
WARNING: Покупка героев
мар. 29, 2025 11:34:24 AM game.players.ComputerPlayer attackNeighbors
WARNING: Атака соседей
мар. 29, 2025 11:34:24 AM game.players.ComputerPlayer moveToOppositeCastle
WARNING: Движение к замку противника
мар. 29, 2025 11:34:24 AM game.players.ComputerPlayer attackNeighbors
WARNING: Атака соседей
мар. 29, 2025 11:34:24 AM game.players.ComputerPlayer attackNeighbors
WARNING: Атака соседей
мар. 29, 2025 11:34:24 AM game.players.ComputerPlayer attackNeighbors
WARNING: Атака соседей
мар. 29, 2025 11:34:24 AM game.players.ComputerPlayer attackNeighbors
WARNING: Атака соседей
мар. 29, 2025 11:34:24 AM game.players.ComputerPlayer attackNeighbors
WARNING: Атака соседей
мар. 29, 2025 11:34:24 AM game.players.ComputerPlayer action
WARNING: Начало хода
мар. 29, 2025 11:34:24 AM game.players.ComputerPlayer buyMapObjects
WARNING: Покупка героев
мар. 29, 2025 11:34:24 AM game.players.ComputerPlayer attackNeighbors
WARNING: Атака соседей
мар. 29, 2025 11:34:24 AM game.players.ComputerPlayer moveToOppositeCastle
WARNING: Движение к замку противника
мар. 29, 2025 11:34:24 AM game.players.ComputerPlayer attackNeighbors
WARNING: Атака соседей
мар. 29, 2025 11:34:24 AM game.players.ComputerPlayer attackNeighbors
WARNING: Атака соседей
мар. 29, 2025 11:34:24 AM game.players.ComputerPlayer attackNeighbors
WARNING: Атака соседей
мар. 29, 2025 11:34:24 AM game.players.ComputerPlayer attackNeighbors
WARNING: Атака соседей
мар. 29, 2025 11:34:24 AM game.players.ComputerPlayer attackNeighbors
WARNING: Атака соседей
мар. 29, 2025 11:34:24 AM game.players.ComputerPlayer attackNeighbors
WARNING: Атака соседей
мар. 29, 2025 11:34:24 AM game.players.ComputerPlayer attackNeighbors
WARNING: Атака соседей
мар. 29, 2025 11:34:24 AM game.players.ComputerPlayer attackNeighbors
WARNING: Атака соседей
мар. 29, 2025 11:34:25 AM game.players.ComputerPlayer action
WARNING: Начало хода
мар. 29, 2025 11:34:25 AM game.players.ComputerPlayer buyMapObjects
WARNING: Покупка героев
мар. 29, 2025 11:34:25 AM game.players.ComputerPlayer attackNeighbors
WARNING: Атака соседей
мар. 29, 2025 11:34:25 AM game.players.ComputerPlayer moveToOppositeCastle
WARNING: Движение к замку противника
мар. 29, 2025 11:34:26 AM game.players.ComputerPlayer action
WARNING: Начало хода
мар. 29, 2025 11:34:26 AM game.players.ComputerPlayer buyMapObjects
WARNING: Покупка героев
мар. 29, 2025 11:34:26 AM game.players.ComputerPlayer attackNeighbors
WARNING: Атака соседей
мар. 29, 2025 11:34:26 AM game.players.ComputerPlayer moveToOppositeCastle
WARNING: Движение к замку противника
мар. 29, 2025 11:34:26 AM game.players.ComputerPlayer action
WARNING: Начало хода
мар. 29, 2025 11:34:26 AM game.players.ComputerPlayer buyMapObjects
WARNING: Покупка героев
мар. 29, 2025 11:34:26 AM game.players.ComputerPlayer attackNeighbors
WARNING: Атака соседей
мар. 29, 2025 11:34:26 AM game.players.ComputerPlayer moveToOppositeCastle
WARNING: Движение к замку противника
мар. 29, 2025 11:34:27 AM game.players.ComputerPlayer action
WARNING: Начало хода
мар. 29, 2025 11:34:27 AM game.players.ComputerPlayer buyMapObjects
WARNING: Покупка героев
мар. 29, 2025 11:34:27 AM game.players.ComputerPlayer attackNeighbors
WARNING: Атака соседей
мар. 29, 2025 11:34:27 AM game.players.ComputerPlayer moveToOppositeCastle
WARNING: Движение к замку противника
мар. 29, 2025 11:34:29 AM game.players.ComputerPlayer action
WARNING: Начало хода
мар. 29, 2025 11:34:29 AM game.players.ComputerPlayer buyMapObjects
WARNING: Покупка героев
мар. 29, 2025 11:34:29 AM game.players.ComputerPlayer attackNeighbors
WARNING: Атака соседей
мар. 29, 2025 11:34:29 AM game.players.ComputerPlayer moveToOppositeCastle
WARNING: Движение к замку противника
мар. 29, 2025 11:34:31 AM game.players.ComputerPlayer action
WARNING: Начало хода
мар. 29, 2025 11:34:31 AM game.players.ComputerPlayer buyMapObjects
WARNING: Покупка героев
мар. 29, 2025 11:34:31 AM game.players.ComputerPlayer attackNeighbors
WARNING: Атака соседей
мар. 29, 2025 11:34:31 AM game.players.ComputerPlayer moveToOppositeCastle
WARNING: Движение к замку противника
мар. 29, 2025 11:34:32 AM game.players.ComputerPlayer action
WARNING: Начало хода
мар. 29, 2025 11:34:32 AM game.players.ComputerPlayer buyMapObjects
WARNING: Покупка героев
мар. 29, 2025 11:34:32 AM game.players.ComputerPlayer attackNeighbors
WARNING: Атака соседей
мар. 29, 2025 11:34:32 AM game.players.ComputerPlayer moveToOppositeCastle
WARNING: Движение к замку противника
мар. 29, 2025 11:35:02 AM game.players.ComputerPlayer action
WARNING: Начало хода
мар. 29, 2025 11:35:02 AM game.players.ComputerPlayer buyMapObjects
WARNING: Покупка героев
мар. 29, 2025 11:35:02 AM game.players.ComputerPlayer attackNeighbors
WARNING: Атака соседей
мар. 29, 2025 11:35:02 AM game.players.ComputerPlayer moveToOppositeCastle
WARNING: Движение к замку противника
мар. 29, 2025 11:35:02 AM game.players.ComputerPlayer attackNeighbors
WARNING: Атака соседей
мар. 29, 2025 11:35:02 AM game.players.ComputerPlayer attackNeighbors
WARNING: Атака соседей
мар. 29, 2025 11:35:02 AM game.players.ComputerPlayer attackNeighbors
WARNING: Атака соседей
мар. 29, 2025 11:35:02 AM game.players.ComputerPlayer attackNeighbors
WARNING: Атака соседей
мар. 29, 2025 11:35:02 AM game.players.ComputerPlayer attackNeighbors
WARNING: Атака соседей
мар. 29, 2025 11:35:02 AM game.players.ComputerPlayer action
WARNING: Начало хода
мар. 29, 2025 11:35:02 AM game.players.ComputerPlayer buyMapObjects
WARNING: Покупка героев
мар. 29, 2025 11:35:02 AM game.players.ComputerPlayer attackNeighbors
WARNING: Атака соседей
мар. 29, 2025 11:35:02 AM game.players.ComputerPlayer moveToOppositeCastle
WARNING: Движение к замку противника
мар. 29, 2025 11:35:02 AM game.players.ComputerPlayer attackNeighbors
WARNING: Атака соседей
мар. 29, 2025 11:35:02 AM game.players.ComputerPlayer attackNeighbors
WARNING: Атака соседей
мар. 29, 2025 11:35:02 AM game.players.ComputerPlayer attackNeighbors
WARNING: Атака соседей
мар. 29, 2025 11:35:02 AM game.players.ComputerPlayer attackNeighbors
WARNING: Атака соседей
мар. 29, 2025 11:35:02 AM game.players.ComputerPlayer attackNeighbors
WARNING: Атака соседей
мар. 29, 2025 11:35:02 AM game.players.ComputerPlayer attackNeighbors
WARNING: Атака соседей
мар. 29, 2025 11:35:02 AM game.players.ComputerPlayer attackNeighbors
WARNING: Атака соседей
мар. 29, 2025 11:35:02 AM game.players.ComputerPlayer attackNeighbors
WARNING: Атака соседей
мар. 29, 2025 11:35:03 AM game.players.ComputerPlayer action
WARNING: Начало хода
мар. 29, 2025 11:35:03 AM game.players.ComputerPlayer buyMapObjects
WARNING: Покупка героев
мар. 29, 2025 11:35:03 AM game.players.ComputerPlayer attackNeighbors
WARNING: Атака соседей
мар. 29, 2025 11:35:03 AM game.players.ComputerPlayer moveToOppositeCastle
WARNING: Движение к замку противника
мар. 29, 2025 11:35:03 AM game.players.ComputerPlayer action
WARNING: Начало хода
мар. 29, 2025 11:35:03 AM game.players.ComputerPlayer buyMapObjects
WARNING: Покупка героев
мар. 29, 2025 11:35:03 AM game.players.ComputerPlayer attackNeighbors
WARNING: Атака соседей
мар. 29, 2025 11:35:03 AM game.players.ComputerPlayer moveToOppositeCastle
WARNING: Движение к замку противника
мар. 29, 2025 11:35:04 AM game.players.ComputerPlayer action
WARNING: Начало хода
мар. 29, 2025 11:35:04 AM game.players.ComputerPlayer buyMapObjects
WARNING: Покупка героев
мар. 29, 2025 11:35:04 AM game.players.ComputerPlayer attackNeighbors
WARNING: Атака соседей
мар. 29, 2025 11:35:04 AM game.players.ComputerPlayer moveToOppositeCastle
WARNING: Движение к замку противника
мар. 29, 2025 11:35:04 AM game.players.ComputerPlayer action
WARNING: Начало хода
мар. 29, 2025 11:35:04 AM game.players.ComputerPlayer buyMapObjects
WARNING: Покупка героев
мар. 29, 2025 11:35:04 AM game.players.ComputerPlayer attackNeighbors
WARNING: Атака соседей
мар. 29, 2025 11:35:04 AM game.players.ComputerPlayer moveToOppositeCastle
WARNING: Движение к замку противника
мар. 29, 2025 11:35:05 AM game.players.ComputerPlayer action
WARNING: Начало хода
мар. 29, 2025 11:35:05 AM game.players.ComputerPlayer buyMapObjects
WARNING: Покупка героев
мар. 29, 2025 11:35:05 AM game.players.ComputerPlayer attackNeighbors
WARNING: Атака соседей
мар. 29, 2025 11:35:05 AM game.players.ComputerPlayer moveToOppositeCastle
WARNING: Движение к замку противника
мар. 29, 2025 11:35:06 AM game.players.ComputerPlayer action
WARNING: Начало хода
мар. 29, 2025 11:35:06 AM game.players.ComputerPlayer buyMapObjects
WARNING: Покупка героев
мар. 29, 2025 11:35:06 AM game.players.ComputerPlayer attackNeighbors
WARNING: Атака соседей
мар. 29, 2025 11:35:06 AM game.players.ComputerPlayer moveToOppositeCastle
WARNING: Движение к замку противника
мар. 29, 2025 11:35:07 AM game.players.ComputerPlayer action
WARNING: Начало хода
мар. 29, 2025 11:35:07 AM game.players.ComputerPlayer buyMapObjects
WARNING: Покупка героев
мар. 29, 2025 11:35:07 AM game.players.ComputerPlayer attackNeighbors
WARNING: Атака соседей
мар. 29, 2025 11:35:07 AM game.players.ComputerPlayer moveToOppositeCastle
WARNING: Движение к замку противника
мар. 29, 2025 11:35:40 AM game.players.ComputerPlayer action
WARNING: Начало хода
мар. 29, 2025 11:35:40 AM game.players.ComputerPlayer buyMapObjects
WARNING: Покупка героев
мар. 29, 2025 11:35:40 AM game.players.ComputerPlayer attackNeighbors
WARNING: Атака соседей
мар. 29, 2025 11:35:40 AM game.players.ComputerPlayer moveToOppositeCastle
WARNING: Движение к замку противника
мар. 29, 2025 11:35:40 AM game.players.ComputerPlayer attackNeighbors
WARNING: Атака соседей
мар. 29, 2025 11:35:40 AM game.players.ComputerPlayer attackNeighbors
WARNING: Атака соседей
мар. 29, 2025 11:35:40 AM game.players.ComputerPlayer attackNeighbors
WARNING: Атака соседей
мар. 29, 2025 11:35:40 AM game.players.ComputerPlayer attackNeighbors
WARNING: Атака соседей
мар. 29, 2025 11:35:40 AM game.players.ComputerPlayer attackNeighbors
WARNING: Атака соседей
мар. 29, 2025 11:35:40 AM game.players.ComputerPlayer action
WARNING: Начало хода
мар. 29, 2025 11:35:40 AM game.players.ComputerPlayer buyMapObjects
WARNING: Покупка героев
мар. 29, 2025 11:35:40 AM game.players.ComputerPlayer attackNeighbors
WARNING: Атака соседей
мар. 29, 2025 11:35:40 AM game.players.ComputerPlayer moveToOppositeCastle
WARNING: Движение к замку противника
мар. 29, 2025 11:35:40 AM game.players.ComputerPlayer attackNeighbors
WARNING: Атака соседей
мар. 29, 2025 11:35:40 AM game.players.ComputerPlayer attackNeighbors
WARNING: Атака соседей
мар. 29, 2025 11:35:40 AM game.players.ComputerPlayer attackNeighbors
WARNING: Атака соседей
мар. 29, 2025 11:35:40 AM game.players.ComputerPlayer attackNeighbors
WARNING: Атака соседей
мар. 29, 2025 11:35:40 AM game.players.ComputerPlayer attackNeighbors
WARNING: Атака соседей
мар. 29, 2025 11:35:40 AM game.players.ComputerPlayer attackNeighbors
WARNING: Атака соседей
мар. 29, 2025 11:35:40 AM game.players.ComputerPlayer attackNeighbors
WARNING: Атака соседей
мар. 29, 2025 11:35:40 AM game.players.ComputerPlayer attackNeighbors
WARNING: Атака соседей
мар. 29, 2025 11:35:41 AM game.players.ComputerPlayer action
WARNING: Начало хода
мар. 29, 2025 11:35:41 AM game.players.ComputerPlayer buyMapObjects
WARNING: Покупка героев
мар. 29, 2025 11:35:41 AM game.players.ComputerPlayer attackNeighbors
WARNING: Атака соседей
мар. 29, 2025 11:35:41 AM game.players.ComputerPlayer moveToOppositeCastle
WARNING: Движение к замку противника
мар. 29, 2025 11:35:41 AM game.players.ComputerPlayer action
WARNING: Начало хода
мар. 29, 2025 11:35:41 AM game.players.ComputerPlayer buyMapObjects
WARNING: Покупка героев
мар. 29, 2025 11:35:41 AM game.players.ComputerPlayer attackNeighbors
WARNING: Атака соседей
мар. 29, 2025 11:35:41 AM game.players.ComputerPlayer moveToOppositeCastle
WARNING: Движение к замку противника
мар. 29, 2025 11:35:42 AM game.players.ComputerPlayer action
WARNING: Начало хода
мар. 29, 2025 11:35:42 AM game.players.ComputerPlayer buyMapObjects
WARNING: Покупка героев
мар. 29, 2025 11:35:42 AM game.players.ComputerPlayer attackNeighbors
WARNING: Атака соседей
мар. 29, 2025 11:35:42 AM game.players.ComputerPlayer moveToOppositeCastle
WARNING: Движение к замку противника
мар. 29, 2025 11:35:43 AM game.players.ComputerPlayer action
WARNING: Начало хода
мар. 29, 2025 11:35:43 AM game.players.ComputerPlayer buyMapObjects
WARNING: Покупка героев
мар. 29, 2025 11:35:43 AM game.players.ComputerPlayer attackNeighbors
WARNING: Атака соседей
мар. 29, 2025 11:35:43 AM game.players.ComputerPlayer moveToOppositeCastle
WARNING: Движение к замку противника
мар. 29, 2025 11:35:44 AM game.players.ComputerPlayer action
WARNING: Начало хода
мар. 29, 2025 11:35:44 AM game.players.ComputerPlayer buyMapObjects
WARNING: Покупка героев
мар. 29, 2025 11:35:44 AM game.players.ComputerPlayer attackNeighbors
WARNING: Атака соседей
мар. 29, 2025 11:35:44 AM game.players.ComputerPlayer moveToOppositeCastle
WARNING: Движение к замку противника
мар. 29, 2025 11:35:45 AM game.players.ComputerPlayer action
WARNING: Начало хода
мар. 29, 2025 11:35:45 AM game.players.ComputerPlayer buyMapObjects
WARNING: Покупка героев
мар. 29, 2025 11:35:45 AM game.players.ComputerPlayer attackNeighbors
WARNING: Атака соседей
мар. 29, 2025 11:35:45 AM game.players.ComputerPlayer moveToOppositeCastle
WARNING: Движение к замку противника
мар. 29, 2025 11:35:47 AM game.players.ComputerPlayer action
WARNING: Начало хода
мар. 29, 2025 11:35:47 AM game.players.ComputerPlayer buyMapObjects
WARNING: Покупка героев
мар. 29, 2025 11:35:47 AM game.players.ComputerPlayer attackNeighbors
WARNING: Атака соседей
мар. 29, 2025 11:35:47 AM game.players.ComputerPlayer moveToOppositeCastle
WARNING: Движение к замку противника
мар. 29, 2025 11:51:05 AM game.players.ComputerPlayer action
WARNING: Начало хода
мар. 29, 2025 11:51:05 AM game.players.ComputerPlayer buyMapObjects
WARNING: Покупка героев
мар. 29, 2025 11:51:05 AM game.players.ComputerPlayer attackNeighbors
WARNING: Атака соседей
мар. 29, 2025 11:51:05 AM game.players.ComputerPlayer moveToOppositeCastle
WARNING: Движение к замку противника
мар. 29, 2025 11:51:05 AM game.players.ComputerPlayer attackNeighbors
WARNING: Атака соседей
мар. 29, 2025 11:51:05 AM game.players.ComputerPlayer attackNeighbors
WARNING: Атака соседей
мар. 29, 2025 11:51:05 AM game.players.ComputerPlayer attackNeighbors
WARNING: Атака соседей
мар. 29, 2025 11:51:05 AM game.players.ComputerPlayer attackNeighbors
WARNING: Атака соседей
мар. 29, 2025 11:51:05 AM game.players.ComputerPlayer attackNeighbors
WARNING: Атака соседей
мар. 29, 2025 11:51:05 AM game.players.ComputerPlayer action
WARNING: Начало хода
мар. 29, 2025 11:51:05 AM game.players.ComputerPlayer buyMapObjects
WARNING: Покупка героев
мар. 29, 2025 11:51:05 AM game.players.ComputerPlayer attackNeighbors
WARNING: Атака соседей
мар. 29, 2025 11:51:05 AM game.players.ComputerPlayer moveToOppositeCastle
WARNING: Движение к замку противника
мар. 29, 2025 11:51:05 AM game.players.ComputerPlayer attackNeighbors
WARNING: Атака соседей
мар. 29, 2025 11:51:05 AM game.players.ComputerPlayer attackNeighbors
WARNING: Атака соседей
мар. 29, 2025 11:51:05 AM game.players.ComputerPlayer attackNeighbors
WARNING: Атака соседей
мар. 29, 2025 11:51:05 AM game.players.ComputerPlayer attackNeighbors
WARNING: Атака соседей
мар. 29, 2025 11:51:05 AM game.players.ComputerPlayer attackNeighbors
WARNING: Атака соседей
мар. 29, 2025 11:51:05 AM game.players.ComputerPlayer attackNeighbors
WARNING: Атака соседей
мар. 29, 2025 11:51:05 AM game.players.ComputerPlayer attackNeighbors
WARNING: Атака соседей
мар. 29, 2025 11:51:06 AM game.players.ComputerPlayer action
WARNING: Начало хода
мар. 29, 2025 11:51:06 AM game.players.ComputerPlayer buyMapObjects
WARNING: Покупка героев
мар. 29, 2025 11:51:06 AM game.players.ComputerPlayer attackNeighbors
WARNING: Атака соседей
мар. 29, 2025 11:51:06 AM game.players.ComputerPlayer moveToOppositeCastle
WARNING: Движение к замку противника
мар. 29, 2025 11:51:07 AM game.players.ComputerPlayer action
WARNING: Начало хода
мар. 29, 2025 11:51:07 AM game.players.ComputerPlayer buyMapObjects
WARNING: Покупка героев
мар. 29, 2025 11:51:07 AM game.players.ComputerPlayer attackNeighbors
WARNING: Атака соседей
мар. 29, 2025 11:51:07 AM game.players.ComputerPlayer moveToOppositeCastle
WARNING: Движение к замку противника
мар. 29, 2025 11:51:08 AM game.players.ComputerPlayer action
WARNING: Начало хода
мар. 29, 2025 11:51:08 AM game.players.ComputerPlayer buyMapObjects
WARNING: Покупка героев
мар. 29, 2025 11:51:08 AM game.players.ComputerPlayer attackNeighbors
WARNING: Атака соседей
мар. 29, 2025 11:51:08 AM game.players.ComputerPlayer moveToOppositeCastle
WARNING: Движение к замку противника
мар. 29, 2025 11:51:09 AM game.players.ComputerPlayer action
WARNING: Начало хода
мар. 29, 2025 11:51:09 AM game.players.ComputerPlayer buyMapObjects
WARNING: Покупка героев
мар. 29, 2025 11:51:09 AM game.players.ComputerPlayer attackNeighbors
WARNING: Атака соседей
мар. 29, 2025 11:51:09 AM game.players.ComputerPlayer moveToOppositeCastle
WARNING: Движение к замку противника
мар. 29, 2025 11:51:10 AM game.players.ComputerPlayer action
WARNING: Начало хода
мар. 29, 2025 11:51:10 AM game.players.ComputerPlayer buyMapObjects
WARNING: Покупка героев
мар. 29, 2025 11:51:10 AM game.players.ComputerPlayer attackNeighbors
WARNING: Атака соседей
мар. 29, 2025 11:51:10 AM game.players.ComputerPlayer moveToOppositeCastle
WARNING: Движение к замку противника
мар. 29, 2025 11:51:11 AM game.players.ComputerPlayer action
WARNING: Начало хода
мар. 29, 2025 11:51:11 AM game.players.ComputerPlayer buyMapObjects
WARNING: Покупка героев
мар. 29, 2025 11:51:11 AM game.players.ComputerPlayer attackNeighbors
WARNING: Атака соседей
мар. 29, 2025 11:51:11 AM game.players.ComputerPlayer moveToOppositeCastle
WARNING: Движение к замку противника
мар. 29, 2025 11:51:12 AM game.players.ComputerPlayer action
WARNING: Начало хода
мар. 29, 2025 11:51:12 AM game.players.ComputerPlayer buyMapObjects
WARNING: Покупка героев
мар. 29, 2025 11:51:12 AM game.players.ComputerPlayer attackNeighbors
WARNING: Атака соседей
мар. 29, 2025 11:51:12 AM game.players.ComputerPlayer moveToOppositeCastle
WARNING: Движение к замку противника
мар. 29, 2025 11:51:28 AM game.players.ComputerPlayer action
WARNING: Начало хода
мар. 29, 2025 11:51:28 AM game.players.ComputerPlayer buyMapObjects
WARNING: Покупка героев
мар. 29, 2025 11:51:28 AM game.players.ComputerPlayer attackNeighbors
WARNING: Атака соседей
мар. 29, 2025 11:51:28 AM game.players.ComputerPlayer moveToOppositeCastle
WARNING: Движение к замку противника
мар. 29, 2025 11:51:28 AM game.players.ComputerPlayer attackNeighbors
WARNING: Атака соседей
мар. 29, 2025 11:51:28 AM game.players.ComputerPlayer attackNeighbors
WARNING: Атака соседей
мар. 29, 2025 11:51:28 AM game.players.ComputerPlayer attackNeighbors
WARNING: Атака соседей
мар. 29, 2025 11:51:28 AM game.players.ComputerPlayer attackNeighbors
WARNING: Атака соседей
мар. 29, 2025 11:51:28 AM game.players.ComputerPlayer attackNeighbors
WARNING: Атака соседей
мар. 29, 2025 11:51:29 AM game.players.ComputerPlayer action
WARNING: Начало хода
мар. 29, 2025 11:51:29 AM game.players.ComputerPlayer buyMapObjects
WARNING: Покупка героев
мар. 29, 2025 11:51:29 AM game.players.ComputerPlayer attackNeighbors
WARNING: Атака соседей
мар. 29, 2025 11:51:29 AM game.players.ComputerPlayer moveToOppositeCastle
WARNING: Движение к замку противника
мар. 29, 2025 11:51:29 AM game.players.ComputerPlayer attackNeighbors
WARNING: Атака соседей
мар. 29, 2025 11:51:29 AM game.players.ComputerPlayer attackNeighbors
WARNING: Атака соседей
мар. 29, 2025 11:51:29 AM game.players.ComputerPlayer attackNeighbors
WARNING: Атака соседей
мар. 29, 2025 11:51:29 AM game.players.ComputerPlayer attackNeighbors
WARNING: Атака соседей
мар. 29, 2025 11:51:29 AM game.players.ComputerPlayer attackNeighbors
WARNING: Атака соседей
мар. 29, 2025 11:51:29 AM game.players.ComputerPlayer attackNeighbors
WARNING: Атака соседей
мар. 29, 2025 11:51:29 AM game.players.ComputerPlayer attackNeighbors
WARNING: Атака соседей
мар. 29, 2025 11:51:30 AM game.players.ComputerPlayer action
WARNING: Начало хода
мар. 29, 2025 11:51:30 AM game.players.ComputerPlayer buyMapObjects
WARNING: Покупка героев
мар. 29, 2025 11:51:30 AM game.players.ComputerPlayer attackNeighbors
WARNING: Атака соседей
мар. 29, 2025 11:51:30 AM game.players.ComputerPlayer moveToOppositeCastle
WARNING: Движение к замку противника
мар. 29, 2025 11:51:30 AM game.players.ComputerPlayer action
WARNING: Начало хода
мар. 29, 2025 11:51:30 AM game.players.ComputerPlayer buyMapObjects
WARNING: Покупка героев
мар. 29, 2025 11:51:30 AM game.players.ComputerPlayer attackNeighbors
WARNING: Атака соседей
мар. 29, 2025 11:51:30 AM game.players.ComputerPlayer moveToOppositeCastle
WARNING: Движение к замку противника
мар. 29, 2025 11:51:30 AM game.players.ComputerPlayer action
WARNING: Начало хода
мар. 29, 2025 11:51:30 AM game.players.ComputerPlayer buyMapObjects
WARNING: Покупка героев
мар. 29, 2025 11:51:30 AM game.players.ComputerPlayer attackNeighbors
WARNING: Атака соседей
мар. 29, 2025 11:51:30 AM game.players.ComputerPlayer moveToOppositeCastle
WARNING: Движение к замку противника
мар. 29, 2025 11:51:31 AM game.players.ComputerPlayer action
WARNING: Начало хода
мар. 29, 2025 11:51:31 AM game.players.ComputerPlayer buyMapObjects
WARNING: Покупка героев
мар. 29, 2025 11:51:31 AM game.players.ComputerPlayer attackNeighbors
WARNING: Атака соседей
мар. 29, 2025 11:51:31 AM game.players.ComputerPlayer moveToOppositeCastle
WARNING: Движение к замку противника
мар. 29, 2025 11:51:32 AM game.players.ComputerPlayer action
WARNING: Начало хода
мар. 29, 2025 11:51:32 AM game.players.ComputerPlayer buyMapObjects
WARNING: Покупка героев
мар. 29, 2025 11:51:32 AM game.players.ComputerPlayer attackNeighbors
WARNING: Атака соседей
мар. 29, 2025 11:51:32 AM game.players.ComputerPlayer moveToOppositeCastle
WARNING: Движение к замку противника
мар. 29, 2025 11:51:32 AM game.players.ComputerPlayer action
WARNING: Начало хода
мар. 29, 2025 11:51:32 AM game.players.ComputerPlayer buyMapObjects
WARNING: Покупка героев
мар. 29, 2025 11:51:32 AM game.players.ComputerPlayer attackNeighbors
WARNING: Атака соседей
мар. 29, 2025 11:51:32 AM game.players.ComputerPlayer moveToOppositeCastle
WARNING: Движение к замку противника
мар. 29, 2025 11:51:33 AM game.players.ComputerPlayer action
WARNING: Начало хода
мар. 29, 2025 11:51:33 AM game.players.ComputerPlayer buyMapObjects
WARNING: Покупка героев
мар. 29, 2025 11:51:33 AM game.players.ComputerPlayer attackNeighbors
WARNING: Атака соседей
мар. 29, 2025 11:51:33 AM game.players.ComputerPlayer moveToOppositeCastle
WARNING: Движение к замку противника
мар. 29, 2025 11:51:48 AM game.players.ComputerPlayer action
WARNING: Начало хода
мар. 29, 2025 11:51:48 AM game.players.ComputerPlayer buyMapObjects
WARNING: Покупка героев
мар. 29, 2025 11:51:48 AM game.players.ComputerPlayer attackNeighbors
WARNING: Атака соседей
мар. 29, 2025 11:51:48 AM game.players.ComputerPlayer moveToOppositeCastle
WARNING: Движение к замку противника
мар. 29, 2025 11:51:48 AM game.players.ComputerPlayer attackNeighbors
WARNING: Атака соседей
мар. 29, 2025 11:51:48 AM game.players.ComputerPlayer attackNeighbors
WARNING: Атака соседей
мар. 29, 2025 11:51:48 AM game.players.ComputerPlayer attackNeighbors
WARNING: Атака соседей
мар. 29, 2025 11:51:48 AM game.players.ComputerPlayer attackNeighbors
WARNING: Атака соседей
мар. 29, 2025 11:51:48 AM game.players.ComputerPlayer attackNeighbors
WARNING: Атака соседей
мар. 29, 2025 11:51:49 AM game.players.ComputerPlayer action
WARNING: Начало хода
мар. 29, 2025 11:51:49 AM game.players.ComputerPlayer buyMapObjects
WARNING: Покупка героев
мар. 29, 2025 11:51:49 AM game.players.ComputerPlayer attackNeighbors
WARNING: Атака соседей
мар. 29, 2025 11:51:49 AM game.players.ComputerPlayer moveToOppositeCastle
WARNING: Движение к замку противника
мар. 29, 2025 11:51:49 AM game.players.ComputerPlayer attackNeighbors
WARNING: Атака соседей
мар. 29, 2025 11:51:49 AM game.players.ComputerPlayer attackNeighbors
WARNING: Атака соседей
мар. 29, 2025 11:51:49 AM game.players.ComputerPlayer attackNeighbors
WARNING: Атака соседей
мар. 29, 2025 11:51:49 AM game.players.ComputerPlayer attackNeighbors
WARNING: Атака соседей
мар. 29, 2025 11:51:49 AM game.players.ComputerPlayer attackNeighbors
WARNING: Атака соседей
мар. 29, 2025 11:51:49 AM game.players.ComputerPlayer attackNeighbors
WARNING: Атака соседей
мар. 29, 2025 11:51:49 AM game.players.ComputerPlayer attackNeighbors
WARNING: Атака соседей
мар. 29, 2025 11:51:49 AM game.players.ComputerPlayer action
WARNING: Начало хода
мар. 29, 2025 11:51:49 AM game.players.ComputerPlayer buyMapObjects
WARNING: Покупка героев
мар. 29, 2025 11:51:49 AM game.players.ComputerPlayer attackNeighbors
WARNING: Атака соседей
мар. 29, 2025 11:51:49 AM game.players.ComputerPlayer moveToOppositeCastle
WARNING: Движение к замку противника
мар. 29, 2025 11:51:50 AM game.players.ComputerPlayer action
WARNING: Начало хода
мар. 29, 2025 11:51:50 AM game.players.ComputerPlayer buyMapObjects
WARNING: Покупка героев
мар. 29, 2025 11:51:50 AM game.players.ComputerPlayer attackNeighbors
WARNING: Атака соседей
мар. 29, 2025 11:51:50 AM game.players.ComputerPlayer moveToOppositeCastle
WARNING: Движение к замку противника
мар. 29, 2025 11:51:51 AM game.players.ComputerPlayer action
WARNING: Начало хода
мар. 29, 2025 11:51:51 AM game.players.ComputerPlayer buyMapObjects
WARNING: Покупка героев
мар. 29, 2025 11:51:51 AM game.players.ComputerPlayer attackNeighbors
WARNING: Атака соседей
мар. 29, 2025 11:51:51 AM game.players.ComputerPlayer moveToOppositeCastle
WARNING: Движение к замку противника
мар. 29, 2025 11:51:51 AM game.players.ComputerPlayer action
WARNING: Начало хода
мар. 29, 2025 11:51:51 AM game.players.ComputerPlayer buyMapObjects
WARNING: Покупка героев
мар. 29, 2025 11:51:51 AM game.players.ComputerPlayer attackNeighbors
WARNING: Атака соседей
мар. 29, 2025 11:51:51 AM game.players.ComputerPlayer moveToOppositeCastle
WARNING: Движение к замку противника
мар. 29, 2025 11:51:52 AM game.players.ComputerPlayer action
WARNING: Начало хода
мар. 29, 2025 11:51:52 AM game.players.ComputerPlayer buyMapObjects
WARNING: Покупка героев
мар. 29, 2025 11:51:52 AM game.players.ComputerPlayer attackNeighbors
WARNING: Атака соседей
мар. 29, 2025 11:51:52 AM game.players.ComputerPlayer moveToOppositeCastle
WARNING: Движение к замку противника
мар. 29, 2025 11:51:54 AM game.players.ComputerPlayer action
WARNING: Начало хода
мар. 29, 2025 11:51:54 AM game.players.ComputerPlayer buyMapObjects
WARNING: Покупка героев
мар. 29, 2025 11:51:54 AM game.players.ComputerPlayer attackNeighbors
WARNING: Атака соседей
мар. 29, 2025 11:51:54 AM game.players.ComputerPlayer moveToOppositeCastle
WARNING: Движение к замку противника
мар. 29, 2025 11:51:56 AM game.players.ComputerPlayer action
WARNING: Начало хода
мар. 29, 2025 11:51:56 AM game.players.ComputerPlayer buyMapObjects
WARNING: Покупка героев
мар. 29, 2025 11:51:56 AM game.players.ComputerPlayer attackNeighbors
WARNING: Атака соседей
мар. 29, 2025 11:51:56 AM game.players.ComputerPlayer moveToOppositeCastle
WARNING: Движение к замку противника
мар. 29, 2025 11:54:23 AM buildings.ForgeTest setUp
INFO: Сетап установлен
мар. 29, 2025 11:54:23 AM buildings.ForgeTest testHandleChoiceBuyBallista
INFO: тест начат
мар. 29, 2025 11:54:23 AM buildings.ForgeTest testHandleChoiceBuyBallista
INFO: тест пройден
мар. 29, 2025 11:54:23 AM buildings.ForgeTest tearDown
INFO: тестыbuildings.ForgeTest пройдены
мар. 29, 2025 11:54:23 AM buildings.InfernoTest testHandleChoiceBuySoldier
INFO: Тест начат
мар. 29, 2025 11:54:23 AM buildings.InfernoTest testHandleChoiceBuySoldier
INFO: Тест пройден
мар. 29, 2025 11:54:23 AM buildings.InfernoTest tearDown
INFO: тестыbuildings.InfernoTest пройдены
мар. 29, 2025 11:54:23 AM buildings.InfernoTest testHandleChoiceInvalidOption
INFO: Тест начат
мар. 29, 2025 11:54:23 AM buildings.InfernoTest testHandleChoiceInvalidOption
INFO: Тест пройден
мар. 29, 2025 11:54:23 AM buildings.InfernoTest tearDown
INFO: тестыbuildings.InfernoTest пройдены
мар. 29, 2025 11:54:23 AM buildings.InfernoTest testHandleChoiceBuyGhost
INFO: Тест начат
мар. 29, 2025 11:54:23 AM buildings.InfernoTest testHandleChoiceBuyGhost
INFO: Тест пройден
мар. 29, 2025 11:54:23 AM buildings.InfernoTest tearDown
INFO: тестыbuildings.InfernoTest пройдены
мар. 29, 2025 11:54:23 AM game.players.ComputerPlayer attackNeighbors
WARNING: Атака соседей
мар. 29, 2025 11:54:23 AM game.players.ComputerPlayer buyMapObjects
WARNING: Покупка героев
мар. 29, 2025 11:54:23 AM game.players.ComputerPlayer moveToOppositeCastle
WARNING: Движение к замку противника
мар. 29, 2025 11:54:23 AM game.players.ComputerPlayer attackNeighbors
WARNING: Атака соседей
мар. 29, 2025 11:54:23 AM game.players.ComputerPlayer attackNeighbors
WARNING: Атака соседей
мар. 29, 2025 11:54:23 AM game.players.ComputerPlayer attackNeighbors
WARNING: Атака соседей
мар. 29, 2025 11:54:23 AM game.players.ComputerPlayer attackNeighbors
WARNING: Атака соседей
мар. 29, 2025 11:54:23 AM game.players.ComputerPlayer attackNeighbors
WARNING: Атака соседей
мар. 29, 2025 11:55:52 AM buildings.ForgeTest setUp
INFO: Сетап установлен
мар. 29, 2025 11:55:52 AM buildings.ForgeTest testHandleChoiceBuyBallista
INFO: тест начат
мар. 29, 2025 11:55:52 AM buildings.ForgeTest testHandleChoiceBuyBallista
INFO: тест пройден
мар. 29, 2025 11:55:52 AM buildings.ForgeTest tearDown
INFO: тестыbuildings.ForgeTest пройдены
мар. 29, 2025 11:55:52 AM buildings.InfernoTest testHandleChoiceBuySoldier
INFO: Тест начат
мар. 29, 2025 11:55:52 AM buildings.InfernoTest testHandleChoiceBuySoldier
INFO: Тест пройден
мар. 29, 2025 11:55:52 AM buildings.InfernoTest tearDown
INFO: тестыbuildings.InfernoTest пройдены
мар. 29, 2025 11:55:52 AM buildings.InfernoTest testHandleChoiceInvalidOption
INFO: Тест начат
мар. 29, 2025 11:55:52 AM buildings.InfernoTest testHandleChoiceInvalidOption
INFO: Тест пройден
мар. 29, 2025 11:55:52 AM buildings.InfernoTest tearDown
INFO: тестыbuildings.InfernoTest пройдены
мар. 29, 2025 11:55:52 AM buildings.InfernoTest testHandleChoiceBuyGhost
INFO: Тест начат
мар. 29, 2025 11:55:52 AM buildings.InfernoTest testHandleChoiceBuyGhost
INFO: Тест пройден
мар. 29, 2025 11:55:52 AM buildings.InfernoTest tearDown
INFO: тестыbuildings.InfernoTest пройдены
мар. 29, 2025 11:55:52 AM game.players.ComputerPlayer attackNeighbors
WARNING: Атака соседей
мар. 29, 2025 11:55:52 AM game.players.ComputerPlayer buyMapObjects
WARNING: Покупка героев
мар. 29, 2025 11:55:52 AM game.players.ComputerPlayer moveToOppositeCastle
WARNING: Движение к замку противника
мар. 29, 2025 11:55:52 AM game.players.ComputerPlayer attackNeighbors
WARNING: Атака соседей
мар. 29, 2025 11:55:52 AM game.players.ComputerPlayer attackNeighbors
WARNING: Атака соседей
мар. 29, 2025 11:55:52 AM game.players.ComputerPlayer attackNeighbors
WARNING: Атака соседей
мар. 29, 2025 11:55:52 AM game.players.ComputerPlayer attackNeighbors
WARNING: Атака соседей
мар. 29, 2025 11:55:52 AM game.players.ComputerPlayer attackNeighbors
WARNING: Атака соседей
мар. 29, 2025 11:55:59 AM buildings.ForgeTest setUp
INFO: Сетап установлен
мар. 29, 2025 11:55:59 AM buildings.ForgeTest testHandleChoiceBuyBallista
INFO: тест начат
мар. 29, 2025 11:55:59 AM buildings.ForgeTest testHandleChoiceBuyBallista
INFO: тест пройден
мар. 29, 2025 11:55:59 AM buildings.ForgeTest tearDown
INFO: тестыbuildings.ForgeTest пройдены
мар. 29, 2025 11:55:59 AM buildings.InfernoTest testHandleChoiceBuySoldier
INFO: Тест начат
мар. 29, 2025 11:55:59 AM buildings.InfernoTest testHandleChoiceBuySoldier
INFO: Тест пройден
мар. 29, 2025 11:55:59 AM buildings.InfernoTest tearDown
INFO: тестыbuildings.InfernoTest пройдены
мар. 29, 2025 11:55:59 AM buildings.InfernoTest testHandleChoiceInvalidOption
INFO: Тест начат
мар. 29, 2025 11:55:59 AM buildings.InfernoTest testHandleChoiceInvalidOption
INFO: Тест пройден
мар. 29, 2025 11:55:59 AM buildings.InfernoTest tearDown
INFO: тестыbuildings.InfernoTest пройдены
мар. 29, 2025 11:55:59 AM buildings.InfernoTest testHandleChoiceBuyGhost
INFO: Тест начат
мар. 29, 2025 11:55:59 AM buildings.InfernoTest testHandleChoiceBuyGhost
INFO: Тест пройден
мар. 29, 2025 11:55:59 AM buildings.InfernoTest tearDown
INFO: тестыbuildings.InfernoTest пройдены
мар. 29, 2025 11:55:59 AM game.players.ComputerPlayer attackNeighbors
WARNING: Атака соседей
мар. 29, 2025 11:55:59 AM game.players.ComputerPlayer buyMapObjects
WARNING: Покупка героев
мар. 29, 2025 11:55:59 AM game.players.ComputerPlayer moveToOppositeCastle
WARNING: Движение к замку противника
мар. 29, 2025 11:55:59 AM game.players.ComputerPlayer attackNeighbors
WARNING: Атака соседей
мар. 29, 2025 11:55:59 AM game.players.ComputerPlayer attackNeighbors
WARNING: Атака соседей
мар. 29, 2025 11:55:59 AM game.players.ComputerPlayer attackNeighbors
WARNING: Атака соседей
мар. 29, 2025 11:55:59 AM game.players.ComputerPlayer attackNeighbors
WARNING: Атака соседей
мар. 29, 2025 11:55:59 AM game.players.ComputerPlayer attackNeighbors
WARNING: Атака соседей
мар. 29, 2025 11:56:12 AM buildings.ForgeTest setUp
INFO: Сетап установлен
мар. 29, 2025 11:56:12 AM buildings.ForgeTest testHandleChoiceBuyBallista
INFO: тест начат
мар. 29, 2025 11:56:12 AM buildings.ForgeTest testHandleChoiceBuyBallista
INFO: тест пройден
мар. 29, 2025 11:56:12 AM buildings.ForgeTest tearDown
INFO: тестыbuildings.ForgeTest пройдены
мар. 29, 2025 11:56:12 AM buildings.InfernoTest testHandleChoiceBuySoldier
INFO: Тест начат
мар. 29, 2025 11:56:12 AM buildings.InfernoTest testHandleChoiceBuySoldier
INFO: Тест пройден
мар. 29, 2025 11:56:12 AM buildings.InfernoTest tearDown
INFO: тестыbuildings.InfernoTest пройдены
мар. 29, 2025 11:56:12 AM buildings.InfernoTest testHandleChoiceInvalidOption
INFO: Тест начат
мар. 29, 2025 11:56:12 AM buildings.InfernoTest testHandleChoiceInvalidOption
INFO: Тест пройден
мар. 29, 2025 11:56:12 AM buildings.InfernoTest tearDown
INFO: тестыbuildings.InfernoTest пройдены
мар. 29, 2025 11:56:12 AM buildings.InfernoTest testHandleChoiceBuyGhost
INFO: Тест начат
мар. 29, 2025 11:56:12 AM buildings.InfernoTest testHandleChoiceBuyGhost
INFO: Тест пройден
мар. 29, 2025 11:56:12 AM buildings.InfernoTest tearDown
INFO: тестыbuildings.InfernoTest пройдены
мар. 29, 2025 11:56:12 AM game.players.ComputerPlayer attackNeighbors
WARNING: Атака соседей
мар. 29, 2025 11:56:12 AM game.players.ComputerPlayer buyMapObjects
WARNING: Покупка героев
мар. 29, 2025 11:56:12 AM game.players.ComputerPlayer moveToOppositeCastle
WARNING: Движение к замку противника
мар. 29, 2025 11:56:12 AM game.players.ComputerPlayer attackNeighbors
WARNING: Атака соседей
мар. 29, 2025 11:56:12 AM game.players.ComputerPlayer attackNeighbors
WARNING: Атака соседей
мар. 29, 2025 11:56:12 AM game.players.ComputerPlayer attackNeighbors
WARNING: Атака соседей
мар. 29, 2025 11:56:12 AM game.players.ComputerPlayer attackNeighbors
WARNING: Атака соседей
мар. 29, 2025 11:56:12 AM game.players.ComputerPlayer attackNeighbors
WARNING: Атака соседей
мар. 29, 2025 11:59:03 AM buildings.ForgeTest setUp
INFO: Сетап установлен
мар. 29, 2025 11:59:03 AM buildings.ForgeTest testHandleChoiceBuyBallista
INFO: тест начат
мар. 29, 2025 11:59:03 AM buildings.ForgeTest testHandleChoiceBuyBallista
INFO: тест пройден
мар. 29, 2025 11:59:03 AM buildings.ForgeTest tearDown
INFO: тестыbuildings.ForgeTest пройдены
мар. 29, 2025 11:59:03 AM buildings.InfernoTest testHandleChoiceBuySoldier
INFO: Тест начат
мар. 29, 2025 11:59:03 AM buildings.InfernoTest testHandleChoiceBuySoldier
INFO: Тест пройден
мар. 29, 2025 11:59:03 AM buildings.InfernoTest tearDown
INFO: тестыbuildings.InfernoTest пройдены
мар. 29, 2025 11:59:03 AM buildings.InfernoTest testHandleChoiceInvalidOption
INFO: Тест начат
мар. 29, 2025 11:59:03 AM buildings.InfernoTest testHandleChoiceInvalidOption
INFO: Тест пройден
мар. 29, 2025 11:59:03 AM buildings.InfernoTest tearDown
INFO: тестыbuildings.InfernoTest пройдены
мар. 29, 2025 11:59:03 AM buildings.InfernoTest testHandleChoiceBuyGhost
INFO: Тест начат
мар. 29, 2025 11:59:03 AM buildings.InfernoTest testHandleChoiceBuyGhost
INFO: Тест пройден
мар. 29, 2025 11:59:03 AM buildings.InfernoTest tearDown
INFO: тестыbuildings.InfernoTest пройдены
мар. 29, 2025 11:59:03 AM game.players.ComputerPlayer attackNeighbors
WARNING: Атака соседей
мар. 29, 2025 11:59:03 AM game.players.ComputerPlayer buyMapObjects
WARNING: Покупка героев
мар. 29, 2025 11:59:03 AM game.players.ComputerPlayer moveToOppositeCastle
WARNING: Движение к замку противника
мар. 29, 2025 11:59:03 AM game.players.ComputerPlayer attackNeighbors
WARNING: Атака соседей
мар. 29, 2025 11:59:03 AM game.players.ComputerPlayer attackNeighbors
WARNING: Атака соседей
мар. 29, 2025 11:59:03 AM game.players.ComputerPlayer attackNeighbors
WARNING: Атака соседей
мар. 29, 2025 11:59:03 AM game.players.ComputerPlayer attackNeighbors
WARNING: Атака соседей
мар. 29, 2025 11:59:03 AM game.players.ComputerPlayer attackNeighbors
WARNING: Атака соседей
мар. 29, 2025 12:58:21 PM game.players.ComputerPlayer action
WARNING: Начало хода
мар. 29, 2025 12:58:21 PM game.players.ComputerPlayer buyMapObjects
WARNING: Покупка героев
мар. 29, 2025 12:58:21 PM game.players.ComputerPlayer attackNeighbors
WARNING: Атака соседей
мар. 29, 2025 12:58:21 PM game.players.ComputerPlayer moveToOppositeCastle
WARNING: Движение к замку противника
мар. 29, 2025 12:58:21 PM game.players.ComputerPlayer attackNeighbors
WARNING: Атака соседей
мар. 29, 2025 12:58:21 PM game.players.ComputerPlayer attackNeighbors
WARNING: Атака соседей
мар. 29, 2025 12:58:21 PM game.players.ComputerPlayer attackNeighbors
WARNING: Атака соседей
мар. 29, 2025 12:58:21 PM game.players.ComputerPlayer attackNeighbors
WARNING: Атака соседей
мар. 29, 2025 12:58:21 PM game.players.ComputerPlayer attackNeighbors
WARNING: Атака соседей
мар. 29, 2025 1:02:50 PM game.players.ComputerPlayer action
WARNING: Начало хода
мар. 29, 2025 1:02:50 PM game.players.ComputerPlayer buyMapObjects
WARNING: Покупка героев
мар. 29, 2025 1:02:50 PM game.players.ComputerPlayer attackNeighbors
WARNING: Атака соседей
мар. 29, 2025 1:02:50 PM game.players.ComputerPlayer moveToOppositeCastle
WARNING: Движение к замку противника
мар. 29, 2025 1:02:50 PM game.players.ComputerPlayer attackNeighbors
WARNING: Атака соседей
мар. 29, 2025 1:02:50 PM game.players.ComputerPlayer attackNeighbors
WARNING: Атака соседей
мар. 29, 2025 1:02:50 PM game.players.ComputerPlayer attackNeighbors
WARNING: Атака соседей
мар. 29, 2025 1:02:50 PM game.players.ComputerPlayer attackNeighbors
WARNING: Атака соседей
мар. 29, 2025 1:02:50 PM game.players.ComputerPlayer attackNeighbors
WARNING: Атака соседей
мар. 29, 2025 1:38:33 PM buildings.ForgeTest setUp
INFO: Сетап установлен
мар. 29, 2025 1:38:33 PM buildings.ForgeTest testHandleChoiceBuyBallista
INFO: тест начат
мар. 29, 2025 1:38:33 PM buildings.ForgeTest testHandleChoiceBuyBallista
INFO: тест пройден
мар. 29, 2025 1:38:33 PM buildings.ForgeTest tearDown
INFO: тестыbuildings.ForgeTest пройдены
мар. 29, 2025 1:38:33 PM buildings.InfernoTest testHandleChoiceBuySoldier
INFO: Тест начат
мар. 29, 2025 1:38:33 PM buildings.InfernoTest testHandleChoiceBuySoldier
INFO: Тест пройден
мар. 29, 2025 1:38:33 PM buildings.InfernoTest tearDown
INFO: тестыbuildings.InfernoTest пройдены
мар. 29, 2025 1:38:33 PM buildings.InfernoTest testHandleChoiceInvalidOption
INFO: Тест начат
мар. 29, 2025 1:38:33 PM buildings.InfernoTest testHandleChoiceInvalidOption
INFO: Тест пройден
мар. 29, 2025 1:38:33 PM buildings.InfernoTest tearDown
INFO: тестыbuildings.InfernoTest пройдены
мар. 29, 2025 1:38:33 PM buildings.InfernoTest testHandleChoiceBuyGhost
INFO: Тест начат
мар. 29, 2025 1:38:33 PM buildings.InfernoTest testHandleChoiceBuyGhost
INFO: Тест пройден
мар. 29, 2025 1:38:33 PM buildings.InfernoTest tearDown
INFO: тестыbuildings.InfernoTest пройдены
апр. 12, 2025 4:16:10 PM game.players.ComputerPlayer action
WARNING: Начало хода
апр. 12, 2025 4:16:10 PM game.players.ComputerPlayer buyMapObjects
WARNING: Покупка героев
апр. 12, 2025 4:16:10 PM game.players.ComputerPlayer attackNeighbors
WARNING: Атака соседей
апр. 12, 2025 4:16:10 PM game.players.ComputerPlayer moveToOppositeCastle
WARNING: Движение к замку противника
апр. 12, 2025 4:16:10 PM game.players.ComputerPlayer attackNeighbors
WARNING: Атака соседей
апр. 12, 2025 4:16:10 PM game.players.ComputerPlayer attackNeighbors
WARNING: Атака соседей
апр. 12, 2025 4:16:10 PM game.players.ComputerPlayer attackNeighbors
WARNING: Атака соседей
апр. 12, 2025 4:16:10 PM game.players.ComputerPlayer attackNeighbors
WARNING: Атака соседей
апр. 12, 2025 4:17:16 PM game.players.ComputerPlayer action
WARNING: Начало хода
апр. 12, 2025 4:17:16 PM game.players.ComputerPlayer buyMapObjects
WARNING: Покупка героев
апр. 12, 2025 4:17:16 PM game.players.ComputerPlayer attackNeighbors
WARNING: Атака соседей
апр. 12, 2025 4:17:16 PM game.players.ComputerPlayer moveToOppositeCastle
WARNING: Движение к замку противника
апр. 12, 2025 4:17:30 PM game.players.ComputerPlayer action
WARNING: Начало хода
апр. 12, 2025 4:17:30 PM game.players.ComputerPlayer buyMapObjects
WARNING: Покупка героев
апр. 12, 2025 4:17:30 PM game.players.ComputerPlayer attackNeighbors
WARNING: Атака соседей
апр. 12, 2025 4:17:30 PM game.players.ComputerPlayer moveToOppositeCastle
WARNING: Движение к замку противника
апр. 12, 2025 4:17:30 PM game.players.ComputerPlayer attackNeighbors
WARNING: Атака соседей
апр. 12, 2025 4:17:30 PM game.players.ComputerPlayer attackNeighbors
WARNING: Атака соседей
апр. 12, 2025 4:17:30 PM game.players.ComputerPlayer attackNeighbors
WARNING: Атака соседей
апр. 12, 2025 4:17:30 PM game.players.ComputerPlayer attackNeighbors
WARNING: Атака соседей
апр. 12, 2025 4:17:30 PM game.players.ComputerPlayer attackNeighbors
WARNING: Атака соседей
апр. 12, 2025 4:17:30 PM game.players.ComputerPlayer attackNeighbors
WARNING: Атака соседей
апр. 12, 2025 4:17:30 PM game.players.ComputerPlayer attackNeighbors
WARNING: Атака соседей
апр. 12, 2025 4:17:30 PM game.players.ComputerPlayer attackNeighbors
WARNING: Атака соседей
апр. 12, 2025 4:17:30 PM game.players.ComputerPlayer attackNeighbors
WARNING: Атака соседей
апр. 12, 2025 4:17:30 PM game.players.ComputerPlayer attackNeighbors
WARNING: Атака соседей
апр. 12, 2025 4:17:30 PM game.players.ComputerPlayer attackNeighbors
WARNING: Атака соседей
апр. 12, 2025 4:17:30 PM game.players.ComputerPlayer attackNeighbors
WARNING: Атака соседей
апр. 12, 2025 4:17:30 PM game.players.ComputerPlayer attackNeighbors
WARNING: Атака соседей
апр. 12, 2025 4:17:34 PM game.players.ComputerPlayer action
WARNING: Начало хода
апр. 12, 2025 4:17:34 PM game.players.ComputerPlayer buyMapObjects
WARNING: Покупка героев
апр. 12, 2025 4:17:34 PM game.players.ComputerPlayer attackNeighbors
WARNING: Атака соседей
апр. 12, 2025 4:17:34 PM game.players.ComputerPlayer moveToOppositeCastle
WARNING: Движение к замку противника
апр. 12, 2025 4:17:34 PM game.players.ComputerPlayer attackNeighbors
WARNING: Атака соседей
апр. 12, 2025 4:17:34 PM game.players.ComputerPlayer attackNeighbors
WARNING: Атака соседей
апр. 12, 2025 4:17:34 PM game.players.ComputerPlayer attackNeighbors
WARNING: Атака соседей
апр. 12, 2025 4:17:34 PM game.players.ComputerPlayer attackNeighbors
WARNING: Атака соседей
апр. 12, 2025 4:17:34 PM game.players.ComputerPlayer attackNeighbors
WARNING: Атака соседей
апр. 12, 2025 4:17:34 PM game.players.ComputerPlayer attackNeighbors
WARNING: Атака соседей
апр. 12, 2025 4:17:34 PM game.players.ComputerPlayer attackNeighbors
WARNING: Атака соседей
апр. 12, 2025 4:17:34 PM game.players.ComputerPlayer attackNeighbors
WARNING: Атака соседей
апр. 12, 2025 4:17:34 PM game.players.ComputerPlayer attackNeighbors
WARNING: Атака соседей
апр. 12, 2025 4:17:34 PM game.players.ComputerPlayer attackNeighbors
WARNING: Атака соседей
апр. 12, 2025 4:17:37 PM game.players.ComputerPlayer action
WARNING: Начало хода
апр. 12, 2025 4:17:37 PM game.players.ComputerPlayer buyMapObjects
WARNING: Покупка героев
апр. 12, 2025 4:17:37 PM game.players.ComputerPlayer attackNeighbors
WARNING: Атака соседей
апр. 12, 2025 4:17:37 PM game.players.ComputerPlayer moveToOppositeCastle
WARNING: Движение к замку противника
апр. 12, 2025 4:17:38 PM game.players.ComputerPlayer action
WARNING: Начало хода
апр. 12, 2025 4:17:38 PM game.players.ComputerPlayer buyMapObjects
WARNING: Покупка героев
апр. 12, 2025 4:17:38 PM game.players.ComputerPlayer attackNeighbors
WARNING: Атака соседей
апр. 12, 2025 4:17:38 PM game.players.ComputerPlayer moveToOppositeCastle
WARNING: Движение к замку противника
апр. 12, 2025 4:17:39 PM game.players.ComputerPlayer action
WARNING: Начало хода
апр. 12, 2025 4:17:39 PM game.players.ComputerPlayer buyMapObjects
WARNING: Покупка героев
апр. 12, 2025 4:17:39 PM game.players.ComputerPlayer attackNeighbors
WARNING: Атака соседей
апр. 12, 2025 4:17:39 PM game.players.ComputerPlayer moveToOppositeCastle
WARNING: Движение к замку противника
апр. 12, 2025 4:17:40 PM game.players.ComputerPlayer action
WARNING: Начало хода
апр. 12, 2025 4:17:40 PM game.players.ComputerPlayer buyMapObjects
WARNING: Покупка героев
апр. 12, 2025 4:17:40 PM game.players.ComputerPlayer attackNeighbors
WARNING: Атака соседей
апр. 12, 2025 4:17:40 PM game.players.ComputerPlayer moveToOppositeCastle
WARNING: Движение к замку противника
апр. 12, 2025 4:17:41 PM game.players.ComputerPlayer action
WARNING: Начало хода
апр. 12, 2025 4:17:41 PM game.players.ComputerPlayer buyMapObjects
WARNING: Покупка героев
апр. 12, 2025 4:17:41 PM game.players.ComputerPlayer attackNeighbors
WARNING: Атака соседей
апр. 12, 2025 4:17:41 PM game.players.ComputerPlayer moveToOppositeCastle
WARNING: Движение к замку противника
апр. 12, 2025 4:17:42 PM game.players.ComputerPlayer action
WARNING: Начало хода
апр. 12, 2025 4:17:42 PM game.players.ComputerPlayer buyMapObjects
WARNING: Покупка героев
апр. 12, 2025 4:17:42 PM game.players.ComputerPlayer attackNeighbors
WARNING: Атака соседей
апр. 12, 2025 4:17:42 PM game.players.ComputerPlayer moveToOppositeCastle
WARNING: Движение к замку противника
апр. 12, 2025 4:17:52 PM game.players.ComputerPlayer action
WARNING: Начало хода
апр. 12, 2025 4:17:52 PM game.players.ComputerPlayer buyMapObjects
WARNING: Покупка героев
апр. 12, 2025 4:17:52 PM game.players.ComputerPlayer attackNeighbors
WARNING: Атака соседей
апр. 12, 2025 4:17:52 PM game.players.ComputerPlayer moveToOppositeCastle
WARNING: Движение к замку противника
